<?xml version="1.0" encoding="UTF-8"?>
<!-- Generated by org.testng.reporters.JUnitReportReporter -->
<testsuite hostname="manju-PC" failures="0" tests="1" name="com.sr.Testscripts.Addingtocart" time="15.419" errors="0" timestamp="14 Feb 2021 21:12:34 GMT" skipped="0">
  <testcase classname="com.sr.Testscripts.Addingtocart" name="tc1" time="15.419"/>
</testsuite> <!-- com.sr.Testscripts.Addingtocart -->
