<?xml version="1.0" encoding="UTF-8"?>
<!-- Generated by org.testng.reporters.JUnitReportReporter -->
<testsuite hostname="manju-PC" failures="0" tests="1" name="com.sr.Testscripts.Addingtocart" time="18.757" errors="0" timestamp="14 Feb 2021 20:38:45 GMT" skipped="0">
  <testcase classname="com.sr.Testscripts.Addingtocart" name="tc1" time="18.757"/>
</testsuite> <!-- com.sr.Testscripts.Addingtocart -->
